This file contains any messages produced by compilers while
running configure, to aid debugging if configure makes a mistake.

It was created by configure, which was
generated by GNU Autoconf 2.53.  Invocation command line was

  $ ./configure 

## --------- ##
## Platform. ##
## --------- ##

hostname = c-barrero.cerca.interne
uname -m = i686
uname -r = 2.4.18-18.8.0
uname -s = Linux
uname -v = #1 Thu Nov 14 00:10:29 EST 2002

/usr/bin/uname -p = unknown
/bin/uname -X     = unknown

/bin/arch              = i686
/usr/bin/arch -k       = unknown
/usr/convex/getsysinfo = unknown
hostinfo               = unknown
/bin/machine           = unknown
/usr/bin/oslevel       = unknown
/bin/universe          = unknown

PATH: /usr/local_local/bin
PATH: /bin
PATH: /usr/bin
PATH: /usr/sbin
PATH: /sbin
PATH: /usr/etc
PATH: /usr/bin/X11
PATH: /usr/X11/bin
PATH: /usr/andrew/bin
PATH: /usr/openwin/bin
PATH: /usr/games
PATH: /usr/local/bin
PATH: /home/barrero/bin
PATH: .
PATH: /home/barrero/bin
PATH: /usr/java/j2sdk1.4.1_02/bin/


## ----------- ##
## Core tests. ##
## ----------- ##

configure:1208: checking for gcc
configure:1224: found /usr/bin/gcc
configure:1234: result: gcc
configure:1478: checking for C compiler version
configure:1481: gcc --version </dev/null >&5
gcc (GCC) 3.2 20020903 (Red Hat Linux 8.0 3.2-7)
Copyright (C) 2002 Free Software Foundation, Inc.
This is free software; see the source for copying conditions.  There is NO
warranty; not even for MERCHANTABILITY or FITNESS FOR A PARTICULAR PURPOSE.

configure:1484: $? = 0
configure:1486: gcc -v </dev/null >&5
Reading specs from /usr/lib/gcc-lib/i386-redhat-linux/3.2/specs
Configured with: ../configure --prefix=/usr --mandir=/usr/share/man --infodir=/usr/share/info --enable-shared --enable-threads=posix --disable-checking --host=i386-redhat-linux --with-system-zlib --enable-__cxa_atexit
Thread model: posix
gcc version 3.2 20020903 (Red Hat Linux 8.0 3.2-7)
configure:1489: $? = 0
configure:1491: gcc -V </dev/null >&5
gcc: argument to `-V' is missing
configure:1494: $? = 1
configure:1520: checking for C compiler default output
configure:1523: gcc    conftest.c  >&5
configure:1526: $? = 0
configure:1559: result: a.out
configure:1564: checking whether the C compiler works
configure:1570: ./a.out
configure:1573: $? = 0
configure:1588: result: yes
configure:1595: checking whether we are cross compiling
configure:1597: result: no
configure:1600: checking for suffix of executables
configure:1602: gcc -o conftest    conftest.c  >&5
configure:1605: $? = 0
configure:1627: result: 
configure:1633: checking for suffix of object files
configure:1657: gcc -c   conftest.c >&5
configure:1660: $? = 0
configure:1679: result: o
configure:1683: checking whether we are using the GNU C compiler
configure:1710: gcc -c   conftest.c >&5
configure:1713: $? = 0
configure:1716: test -s conftest.o
configure:1719: $? = 0
configure:1731: result: yes
configure:1737: checking whether gcc accepts -g
configure:1761: gcc -c -g  conftest.c >&5
configure:1764: $? = 0
configure:1767: test -s conftest.o
configure:1770: $? = 0
configure:1780: result: yes
configure:1807: gcc -c -g -O2  conftest.c >&5
conftest.c:2: parse error before "me"
configure:1810: $? = 1
configure: failed program was:
#ifndef __cplusplus
  choke me
#endif
configure:1972: checking for g++
configure:1988: found /usr/bin/g++
configure:1998: result: g++
configure:2014: checking for C++ compiler version
configure:2017: g++ --version </dev/null >&5
g++ (GCC) 3.2 20020903 (Red Hat Linux 8.0 3.2-7)
Copyright (C) 2002 Free Software Foundation, Inc.
This is free software; see the source for copying conditions.  There is NO
warranty; not even for MERCHANTABILITY or FITNESS FOR A PARTICULAR PURPOSE.

configure:2020: $? = 0
configure:2022: g++ -v </dev/null >&5
Reading specs from /usr/lib/gcc-lib/i386-redhat-linux/3.2/specs
Configured with: ../configure --prefix=/usr --mandir=/usr/share/man --infodir=/usr/share/info --enable-shared --enable-threads=posix --disable-checking --host=i386-redhat-linux --with-system-zlib --enable-__cxa_atexit
Thread model: posix
gcc version 3.2 20020903 (Red Hat Linux 8.0 3.2-7)
configure:2025: $? = 0
configure:2027: g++ -V </dev/null >&5
g++: argument to `-V' missing

configure:2030: $? = 1
configure:2033: checking whether we are using the GNU C++ compiler
configure:2060: g++ -c   conftest.cc >&5
configure:2063: $? = 0
configure:2066: test -s conftest.o
configure:2069: $? = 0
configure:2081: result: yes
configure:2087: checking whether g++ accepts -g
configure:2111: g++ -c -g  conftest.cc >&5
configure:2114: $? = 0
configure:2117: test -s conftest.o
configure:2120: $? = 0
configure:2130: result: yes
configure:2176: g++ -c -g -O2  conftest.cc >&5
configure:2179: $? = 0
configure:2182: test -s conftest.o
configure:2185: $? = 0
configure:2213: g++ -c -g -O2  conftest.cc >&5
configure: In function `int main()':
configure:2205: `exit' undeclared (first use this function)
configure:2205: (Each undeclared identifier is reported only once for each 
   function it appears in.)
configure:2216: $? = 1
configure: failed program was:
#line 2194 "configure"
#include "confdefs.h"

#ifdef F77_DUMMY_MAIN
#  ifdef __cplusplus
     extern "C"
#  endif
   int F77_DUMMY_MAIN() { return 1; }
#endif
int
main ()
{
exit (42);
  ;
  return 0;
}
configure:2176: g++ -c -g -O2  conftest.cc >&5
configure:2179: $? = 0
configure:2182: test -s conftest.o
configure:2185: $? = 0
configure:2213: g++ -c -g -O2  conftest.cc >&5
configure:2216: $? = 0
configure:2219: test -s conftest.o
configure:2222: $? = 0
configure:2285: checking for ranlib
configure:2301: found /usr/bin/ranlib
configure:2312: result: ranlib
configure:2326: checking for ar
configure:2344: found /usr/bin/ar
configure:2356: result: /usr/bin/ar
configure:2365: checking for rm
configure:2383: found /bin/rm
configure:2395: result: /bin/rm
configure:2412: checking how to run the C preprocessor
configure:2438: gcc -E  conftest.c
configure:2444: $? = 0
configure:2471: gcc -E  conftest.c
configure:2467:28: ac_nonexistent.h: No such file or directory
configure:2477: $? = 1
configure: failed program was:
#line 2466 "configure"
#include "confdefs.h"
#include <ac_nonexistent.h>
configure:2514: result: gcc -E
configure:2529: gcc -E  conftest.c
configure:2535: $? = 0
configure:2562: gcc -E  conftest.c
configure:2558:28: ac_nonexistent.h: No such file or directory
configure:2568: $? = 1
configure: failed program was:
#line 2557 "configure"
#include "confdefs.h"
#include <ac_nonexistent.h>
configure:2608: checking for X
configure:2824: result: libraries /usr/X11R6/lib, headers /usr/X11R6/include
configure:2847: checking for fl_numericsort in -lfltk
configure:2880: gcc -o conftest -g -O2 -I/usr/X11R6/include  -g -O2 -L/usr/X11R6/lib conftest.c -lfltk   >&5
configure:2883: $? = 0
configure:2886: test -s conftest
configure:2889: $? = 0
configure:2900: result: yes
configure:3024: creating ./config.status

## ---------------------- ##
## Running config.status. ##
## ---------------------- ##

This file was extended by config.status, which was
generated by GNU Autoconf 2.53.  Invocation command line was

  CONFIG_FILES    = 
  CONFIG_HEADERS  = 
  CONFIG_LINKS    = 
  CONFIG_COMMANDS = 
  $ ./config.status 

on c-barrero.cerca.interne

config.status:557: creating Makefile

## ---------------- ##
## Cache variables. ##
## ---------------- ##

ac_cv_c_compiler_gnu=yes
ac_cv_cxx_compiler_gnu=yes
ac_cv_env_CC_set=
ac_cv_env_CC_value=
ac_cv_env_CFLAGS_set=
ac_cv_env_CFLAGS_value=
ac_cv_env_CPPFLAGS_set=
ac_cv_env_CPPFLAGS_value=
ac_cv_env_CPP_set=
ac_cv_env_CPP_value=
ac_cv_env_CXXFLAGS_set=
ac_cv_env_CXXFLAGS_value=
ac_cv_env_CXX_set=
ac_cv_env_CXX_value=
ac_cv_env_LDFLAGS_set=
ac_cv_env_LDFLAGS_value=
ac_cv_env_build_alias_set=
ac_cv_env_build_alias_value=
ac_cv_env_host_alias_set=
ac_cv_env_host_alias_value=
ac_cv_env_target_alias_set=
ac_cv_env_target_alias_value=
ac_cv_exeext=
ac_cv_have_x='have_x=yes 		ac_x_includes=/usr/X11R6/include ac_x_libraries=/usr/X11R6/lib'
ac_cv_lib_fltk_fl_numericsort=yes
ac_cv_objext=o
ac_cv_path_AR=/usr/bin/ar
ac_cv_path_RM=/bin/rm
ac_cv_prog_CPP='gcc -E'
ac_cv_prog_ac_ct_CC=gcc
ac_cv_prog_ac_ct_CXX=g++
ac_cv_prog_ac_ct_RANLIB=ranlib
ac_cv_prog_cc_g=yes
ac_cv_prog_cxx_g=yes

## ----------- ##
## confdefs.h. ##
## ----------- ##

#define PACKAGE_NAME ""
#define PACKAGE_TARNAME ""
#define PACKAGE_VERSION ""
#define PACKAGE_STRING ""
#define PACKAGE_BUGREPORT ""
#ifdef __cplusplus
#include <stdlib.h>
#endif
#define HAVE_LIBFLTK 1

configure: exit 0
